[06-May-2019 15:23:04 UTC] PHP Warning:  PHP Startup: Unable to load dynamic library 'interbase' (tried: ext\interbase (No se puede encontrar el módulo especificado.), ext\php_interbase.dll (No se puede encontrar el módulo especificado.)) in Unknown on line 0
[06-May-2019 15:23:06 UTC] PHP Warning:  PHP Startup: Unable to load dynamic library 'oci8_12c' (tried: ext\oci8_12c (No se puede encontrar el módulo especificado.), ext\php_oci8_12c.dll (No se puede encontrar el módulo especificado.)) in Unknown on line 0
[06-May-2019 15:23:07 UTC] PHP Warning:  PHP Startup: Unable to load dynamic library 'pdo_firebird' (tried: ext\pdo_firebird (No se puede encontrar el módulo especificado.), ext\php_pdo_firebird.dll (No se puede encontrar el módulo especificado.)) in Unknown on line 0
[06-May-2019 15:23:08 UTC] PHP Warning:  PHP Startup: Unable to load dynamic library 'pdo_oci' (tried: ext\pdo_oci (No se puede encontrar el módulo especificado.), ext\php_pdo_oci.dll (No se puede encontrar el módulo especificado.)) in Unknown on line 0
[06-May-2019 15:23:08 UTC] PHP Warning:  PHP Startup: Unable to load dynamic library 'php_pdo_sqlsrv_72_ts.dll' (tried: ext\php_pdo_sqlsrv_72_ts.dll (%1 no es una aplicación Win32 válida.), ext\php_php_pdo_sqlsrv_72_ts.dll.dll (No se puede encontrar el módulo especificado.)) in Unknown on line 0
[27-May-2019 19:18:51 UTC] PHP Warning:  PHP Startup: Unable to load dynamic library 'interbase' (tried: ext\interbase (No se puede encontrar el módulo especificado.), ext\php_interbase.dll (No se puede encontrar el módulo especificado.)) in Unknown on line 0
[27-May-2019 19:18:51 UTC] PHP Warning:  PHP Startup: Unable to load dynamic library 'oci8_12c' (tried: ext\oci8_12c (No se puede encontrar el módulo especificado.), ext\php_oci8_12c.dll (No se puede encontrar el módulo especificado.)) in Unknown on line 0
[27-May-2019 19:18:51 UTC] PHP Warning:  PHP Startup: Unable to load dynamic library 'pdo_firebird' (tried: ext\pdo_firebird (No se puede encontrar el módulo especificado.), ext\php_pdo_firebird.dll (No se puede encontrar el módulo especificado.)) in Unknown on line 0
[27-May-2019 19:18:51 UTC] PHP Warning:  PHP Startup: Unable to load dynamic library 'pdo_oci' (tried: ext\pdo_oci (No se puede encontrar el módulo especificado.), ext\php_pdo_oci.dll (No se puede encontrar el módulo especificado.)) in Unknown on line 0
[27-May-2019 19:18:51 UTC] PHP Warning:  PHP Startup: Unable to load dynamic library 'php_pdo_sqlsrv_72_ts.dll' (tried: ext\php_pdo_sqlsrv_72_ts.dll (%1 no es una aplicación Win32 válida.), ext\php_php_pdo_sqlsrv_72_ts.dll.dll (No se puede encontrar el módulo especificado.)) in Unknown on line 0
[27-May-2019 19:27:48 UTC] PHP Warning:  PHP Startup: Unable to load dynamic library 'interbase' (tried: ext\interbase (No se puede encontrar el módulo especificado.), ext\php_interbase.dll (No se puede encontrar el módulo especificado.)) in Unknown on line 0
[27-May-2019 19:27:48 UTC] PHP Warning:  PHP Startup: Unable to load dynamic library 'oci8_12c' (tried: ext\oci8_12c (No se puede encontrar el módulo especificado.), ext\php_oci8_12c.dll (No se puede encontrar el módulo especificado.)) in Unknown on line 0
[27-May-2019 19:27:48 UTC] PHP Warning:  PHP Startup: Unable to load dynamic library 'pdo_firebird' (tried: ext\pdo_firebird (No se puede encontrar el módulo especificado.), ext\php_pdo_firebird.dll (No se puede encontrar el módulo especificado.)) in Unknown on line 0
[27-May-2019 19:27:48 UTC] PHP Warning:  PHP Startup: Unable to load dynamic library 'pdo_oci' (tried: ext\pdo_oci (No se puede encontrar el módulo especificado.), ext\php_pdo_oci.dll (No se puede encontrar el módulo especificado.)) in Unknown on line 0
[27-May-2019 19:27:48 UTC] PHP Warning:  PHP Startup: Unable to load dynamic library 'php_pdo_sqlsrv_72_ts.dll' (tried: ext\php_pdo_sqlsrv_72_ts.dll (%1 no es una aplicación Win32 válida.), ext\php_php_pdo_sqlsrv_72_ts.dll.dll (No se puede encontrar el módulo especificado.)) in Unknown on line 0
[05-Jun-2019 20:01:44 UTC] PHP Warning:  PHP Startup: Unable to load dynamic library 'interbase' (tried: ext\interbase (No se puede encontrar el módulo especificado.), ext\php_interbase.dll (No se puede encontrar el módulo especificado.)) in Unknown on line 0
[05-Jun-2019 20:01:44 UTC] PHP Warning:  PHP Startup: Unable to load dynamic library 'oci8_12c' (tried: ext\oci8_12c (No se puede encontrar el módulo especificado.), ext\php_oci8_12c.dll (No se puede encontrar el módulo especificado.)) in Unknown on line 0
[05-Jun-2019 20:01:44 UTC] PHP Warning:  PHP Startup: Unable to load dynamic library 'pdo_firebird' (tried: ext\pdo_firebird (No se puede encontrar el módulo especificado.), ext\php_pdo_firebird.dll (No se puede encontrar el módulo especificado.)) in Unknown on line 0
[05-Jun-2019 20:01:44 UTC] PHP Warning:  PHP Startup: Unable to load dynamic library 'pdo_oci' (tried: ext\pdo_oci (No se puede encontrar el módulo especificado.), ext\php_pdo_oci.dll (No se puede encontrar el módulo especificado.)) in Unknown on line 0
[05-Jun-2019 20:01:44 UTC] PHP Warning:  PHP Startup: Unable to load dynamic library 'php_pdo_sqlsrv_72_ts.dll' (tried: ext\php_pdo_sqlsrv_72_ts.dll (%1 no es una aplicación Win32 válida.), ext\php_php_pdo_sqlsrv_72_ts.dll.dll (No se puede encontrar el módulo especificado.)) in Unknown on line 0
[03-Sep-2019 22:04:49 UTC] PHP Warning:  PHP Startup: Unable to load dynamic library 'interbase' (tried: ext\interbase (No se puede encontrar el módulo especificado.), ext\php_interbase.dll (No se puede encontrar el módulo especificado.)) in Unknown on line 0
[03-Sep-2019 22:04:49 UTC] PHP Warning:  PHP Startup: Unable to load dynamic library 'oci8_12c' (tried: ext\oci8_12c (No se puede encontrar el módulo especificado.), ext\php_oci8_12c.dll (No se puede encontrar el módulo especificado.)) in Unknown on line 0
[03-Sep-2019 22:04:49 UTC] PHP Warning:  PHP Startup: Unable to load dynamic library 'pdo_firebird' (tried: ext\pdo_firebird (No se puede encontrar el módulo especificado.), ext\php_pdo_firebird.dll (No se puede encontrar el módulo especificado.)) in Unknown on line 0
[03-Sep-2019 22:04:49 UTC] PHP Warning:  PHP Startup: Unable to load dynamic library 'pdo_oci' (tried: ext\pdo_oci (No se puede encontrar el módulo especificado.), ext\php_pdo_oci.dll (No se puede encontrar el módulo especificado.)) in Unknown on line 0
[03-Sep-2019 22:04:49 UTC] PHP Warning:  PHP Startup: Unable to load dynamic library 'php_pdo_sqlsrv_72_ts.dll' (tried: ext\php_pdo_sqlsrv_72_ts.dll (%1 no es una aplicación Win32 válida.), ext\php_php_pdo_sqlsrv_72_ts.dll.dll (No se puede encontrar el módulo especificado.)) in Unknown on line 0
[03-Sep-2019 22:05:43 UTC] PHP Warning:  PHP Startup: Unable to load dynamic library 'interbase' (tried: ext\interbase (No se puede encontrar el módulo especificado.), ext\php_interbase.dll (No se puede encontrar el módulo especificado.)) in Unknown on line 0
[03-Sep-2019 22:05:43 UTC] PHP Warning:  PHP Startup: Unable to load dynamic library 'oci8_12c' (tried: ext\oci8_12c (No se puede encontrar el módulo especificado.), ext\php_oci8_12c.dll (No se puede encontrar el módulo especificado.)) in Unknown on line 0
[03-Sep-2019 22:05:43 UTC] PHP Warning:  PHP Startup: Unable to load dynamic library 'pdo_firebird' (tried: ext\pdo_firebird (No se puede encontrar el módulo especificado.), ext\php_pdo_firebird.dll (No se puede encontrar el módulo especificado.)) in Unknown on line 0
[03-Sep-2019 22:05:43 UTC] PHP Warning:  PHP Startup: Unable to load dynamic library 'pdo_oci' (tried: ext\pdo_oci (No se puede encontrar el módulo especificado.), ext\php_pdo_oci.dll (No se puede encontrar el módulo especificado.)) in Unknown on line 0
[03-Sep-2019 22:05:43 UTC] PHP Warning:  PHP Startup: Unable to load dynamic library 'php_pdo_sqlsrv_72_ts.dll' (tried: ext\php_pdo_sqlsrv_72_ts.dll (%1 no es una aplicación Win32 válida.), ext\php_php_pdo_sqlsrv_72_ts.dll.dll (No se puede encontrar el módulo especificado.)) in Unknown on line 0
[03-Sep-2019 22:06:37 UTC] PHP Warning:  PHP Startup: Unable to load dynamic library 'interbase' (tried: ext\interbase (No se puede encontrar el módulo especificado.), ext\php_interbase.dll (No se puede encontrar el módulo especificado.)) in Unknown on line 0
[03-Sep-2019 22:06:37 UTC] PHP Warning:  PHP Startup: Unable to load dynamic library 'oci8_12c' (tried: ext\oci8_12c (No se puede encontrar el módulo especificado.), ext\php_oci8_12c.dll (No se puede encontrar el módulo especificado.)) in Unknown on line 0
[03-Sep-2019 22:06:37 UTC] PHP Warning:  PHP Startup: Unable to load dynamic library 'pdo_firebird' (tried: ext\pdo_firebird (No se puede encontrar el módulo especificado.), ext\php_pdo_firebird.dll (No se puede encontrar el módulo especificado.)) in Unknown on line 0
[03-Sep-2019 22:06:37 UTC] PHP Warning:  PHP Startup: Unable to load dynamic library 'pdo_oci' (tried: ext\pdo_oci (No se puede encontrar el módulo especificado.), ext\php_pdo_oci.dll (No se puede encontrar el módulo especificado.)) in Unknown on line 0
[03-Sep-2019 22:06:37 UTC] PHP Warning:  PHP Startup: Unable to load dynamic library 'php_pdo_sqlsrv_72_ts.dll' (tried: ext\php_pdo_sqlsrv_72_ts.dll (%1 no es una aplicación Win32 válida.), ext\php_php_pdo_sqlsrv_72_ts.dll.dll (No se puede encontrar el módulo especificado.)) in Unknown on line 0
[11-Oct-2019 15:32:09 UTC] PHP Warning:  PHP Startup: Unable to load dynamic library 'interbase' (tried: ext\interbase (No se puede encontrar el módulo especificado.), ext\php_interbase.dll (%1 no es una aplicación Win32 válida.)) in Unknown on line 0
[11-Oct-2019 15:32:09 UTC] PHP Warning:  PHP Startup: Unable to load dynamic library 'oci8_12c' (tried: ext\oci8_12c (No se puede encontrar el módulo especificado.), ext\php_oci8_12c.dll (%1 no es una aplicación Win32 válida.)) in Unknown on line 0
[11-Oct-2019 15:32:09 UTC] PHP Warning:  PHP Startup: Unable to load dynamic library 'pdo_firebird' (tried: ext\pdo_firebird (No se puede encontrar el módulo especificado.), ext\php_pdo_firebird.dll (%1 no es una aplicación Win32 válida.)) in Unknown on line 0
[11-Oct-2019 15:32:09 UTC] PHP Warning:  PHP Startup: Unable to load dynamic library 'pdo_oci' (tried: ext\pdo_oci (No se puede encontrar el módulo especificado.), ext\php_pdo_oci.dll (%1 no es una aplicación Win32 válida.)) in Unknown on line 0
[11-Oct-2019 15:32:09 UTC] PHP Warning:  Module 'openssl' already loaded in Unknown on line 0
[11-Oct-2019 15:32:09 UTC] PHP Warning:  PHP Startup: Unable to load dynamic library 'php_pdo_sqlsrv_72_ts.dll' (tried: ext\php_pdo_sqlsrv_72_ts.dll (%1 no es una aplicación Win32 válida.), ext\php_php_pdo_sqlsrv_72_ts.dll.dll (No se puede encontrar el módulo especificado.)) in Unknown on line 0
[11-Oct-2019 15:49:27 UTC] PHP Warning:  PHP Startup: Unable to load dynamic library 'interbase' (tried: ext\interbase (No se puede encontrar el módulo especificado.), ext\php_interbase.dll (%1 no es una aplicación Win32 válida.)) in Unknown on line 0
[11-Oct-2019 15:49:27 UTC] PHP Warning:  PHP Startup: Unable to load dynamic library 'oci8_12c' (tried: ext\oci8_12c (No se puede encontrar el módulo especificado.), ext\php_oci8_12c.dll (%1 no es una aplicación Win32 válida.)) in Unknown on line 0
[11-Oct-2019 15:49:27 UTC] PHP Warning:  PHP Startup: Unable to load dynamic library 'pdo_firebird' (tried: ext\pdo_firebird (No se puede encontrar el módulo especificado.), ext\php_pdo_firebird.dll (%1 no es una aplicación Win32 válida.)) in Unknown on line 0
[11-Oct-2019 15:49:27 UTC] PHP Warning:  PHP Startup: Unable to load dynamic library 'pdo_oci' (tried: ext\pdo_oci (No se puede encontrar el módulo especificado.), ext\php_pdo_oci.dll (%1 no es una aplicación Win32 válida.)) in Unknown on line 0
[11-Oct-2019 15:49:27 UTC] PHP Warning:  Module 'openssl' already loaded in Unknown on line 0
[11-Oct-2019 15:49:27 UTC] PHP Warning:  PHP Startup: Unable to load dynamic library 'php_pdo_sqlsrv_72_ts.dll' (tried: ext\php_pdo_sqlsrv_72_ts.dll (%1 no es una aplicación Win32 válida.), ext\php_php_pdo_sqlsrv_72_ts.dll.dll (No se puede encontrar el módulo especificado.)) in Unknown on line 0
[11-Oct-2019 15:49:37 UTC] PHP Warning:  PHP Startup: Unable to load dynamic library 'interbase' (tried: ext\interbase (No se puede encontrar el módulo especificado.), ext\php_interbase.dll (%1 no es una aplicación Win32 válida.)) in Unknown on line 0
[11-Oct-2019 15:49:37 UTC] PHP Warning:  PHP Startup: Unable to load dynamic library 'oci8_12c' (tried: ext\oci8_12c (No se puede encontrar el módulo especificado.), ext\php_oci8_12c.dll (%1 no es una aplicación Win32 válida.)) in Unknown on line 0
[11-Oct-2019 15:49:37 UTC] PHP Warning:  PHP Startup: Unable to load dynamic library 'pdo_firebird' (tried: ext\pdo_firebird (No se puede encontrar el módulo especificado.), ext\php_pdo_firebird.dll (%1 no es una aplicación Win32 válida.)) in Unknown on line 0
[11-Oct-2019 15:49:37 UTC] PHP Warning:  PHP Startup: Unable to load dynamic library 'pdo_oci' (tried: ext\pdo_oci (No se puede encontrar el módulo especificado.), ext\php_pdo_oci.dll (%1 no es una aplicación Win32 válida.)) in Unknown on line 0
[11-Oct-2019 15:49:37 UTC] PHP Warning:  Module 'openssl' already loaded in Unknown on line 0
[11-Oct-2019 15:49:37 UTC] PHP Warning:  PHP Startup: Unable to load dynamic library 'php_pdo_sqlsrv_72_ts.dll' (tried: ext\php_pdo_sqlsrv_72_ts.dll (%1 no es una aplicación Win32 válida.), ext\php_php_pdo_sqlsrv_72_ts.dll.dll (No se puede encontrar el módulo especificado.)) in Unknown on line 0
